<?xml version="1.0" encoding="utf-8"?><testsuites name="pytest tests"><testsuite name="pytest" errors="0" failures="0" skipped="0" tests="12" time="2.538" timestamp="2026-09-17T09:24:47.041129+00:00" hostname="agent-env-e92190f8-a32b-4dfd-aa20-48547d2dbeb9"><testcase classname="backend.tests.test_geo_quality" name="test_root_structure" time="0.371" /><testcase classname="backend.tests.test_geo_quality" name="test_zones_count_and_fields" time="0.001" /><testcase classname="backend.tests.test_geo_quality" name="test_env_trends" time="0.001" /><testcase classname="backend.tests.test_geo_quality" name="test_summary" time="0.000" /><testcase classname="backend.tests.test_geo_quality" name="test_zone_parameter_fields" time="0.000" /><testcase classname="backend.tests.test_geo_quality" name="test_existing_endpoints[/api/stats]" time="0.224" /><testcase classname="backend.tests.test_geo_quality" name="test_existing_endpoints[/api/sensors/latest]" time="0.219" /><testcase classname="backend.tests.test_geo_quality" name="test_existing_endpoints[/api/water-balance]" time="0.165" /><testcase classname="backend.tests.test_geo_quality" name="test_existing_endpoints[/api/analytics/nrw]" time="0.182" /><testcase classname="backend.tests.test_geo_quality" name="test_existing_endpoints[/api/analytics/demand]" time="0.188" /><testcase classname="backend.tests.test_geo_quality" name="test_existing_endpoints[/api/analytics/asset-health]" time="0.171" /><testcase classname="backend.tests.test_geo_quality" name="test_existing_endpoints[/api/analytics/water-quality]" time="0.156" /></testsuite></testsuites>