<?xml version="1.0" encoding="utf-8"?><testsuites name="pytest tests"><testsuite name="pytest" errors="0" failures="0" skipped="0" tests="13" time="21.722" timestamp="2026-04-17T05:34:19.972644+00:00" hostname="agent-env-e92190f8-a32b-4dfd-aa20-48547d2dbeb9"><testcase classname="tests.test_plant_overview_api.TestPlantOverviewAPIs" name="test_sensors_latest_returns_all_sensors" time="6.307" /><testcase classname="tests.test_plant_overview_api.TestPlantOverviewAPIs" name="test_sensor_data_structure_for_plant_overview" time="6.235" /><testcase classname="tests.test_plant_overview_api.TestPlantOverviewAPIs" name="test_leaks_zones_for_plant_overview" time="0.022" /><testcase classname="tests.test_plant_overview_api.TestSensorAnalyticsAPI" name="test_sensor_analytics_endpoint" time="0.248" /><testcase classname="tests.test_plant_overview_api.TestSensorAnalyticsAPI" name="test_sensor_analytics_with_time_range" time="0.275" /><testcase classname="tests.test_plant_overview_api.TestSensorAnalyticsAPI" name="test_sensor_analytics_with_custom_dates" time="0.264" /><testcase classname="tests.test_plant_overview_api.TestAnalyticsTabsAPIs" name="test_water_balance_api" time="1.348" /><testcase classname="tests.test_plant_overview_api.TestAnalyticsTabsAPIs" name="test_nrw_analytics_api" time="0.009" /><testcase classname="tests.test_plant_overview_api.TestAnalyticsTabsAPIs" name="test_demand_analytics_api" time="0.010" /><testcase classname="tests.test_plant_overview_api.TestAnalyticsTabsAPIs" name="test_asset_health_api" time="0.007" /><testcase classname="tests.test_plant_overview_api.TestAnalyticsTabsAPIs" name="test_water_quality_api" time="0.006" /><testcase classname="tests.test_plant_overview_api.TestCoreAPIs" name="test_root_endpoint" time="0.004" /><testcase classname="tests.test_plant_overview_api.TestCoreAPIs" name="test_stats_endpoint" time="6.500" /></testsuite></testsuites>