<?xml version="1.0" encoding="utf-8"?><testsuites name="pytest tests"><testsuite name="pytest" errors="0" failures="12" skipped="0" tests="50" time="1292.891" timestamp="2026-04-13T12:17:44.091077+00:00" hostname="agent-env-e92190f8-a32b-4dfd-aa20-48547d2dbeb9"><testcase classname="backend.tests.test_digital_twin_api.TestHealthAndStats" name="test_api_root" time="60.708" /><testcase classname="backend.tests.test_digital_twin_api.TestHealthAndStats" name="test_system_stats" time="62.295"><failure message="assert 502 == 200&#10; +  where 502 = &lt;Response [502]&gt;.status_code">backend/tests/test_digital_twin_api.py:26: in test_system_stats
    assert response.status_code == 200
E   assert 502 == 200
E    +  where 502 = &lt;Response [502]&gt;.status_code</failure></testcase><testcase classname="backend.tests.test_digital_twin_api.TestSensorEndpoints" name="test_get_latest_sensors" time="62.655"><failure message="assert 502 == 200&#10; +  where 502 = &lt;Response [502]&gt;.status_code">backend/tests/test_digital_twin_api.py:53: in test_get_latest_sensors
    assert response.status_code == 200
E   assert 502 == 200
E    +  where 502 = &lt;Response [502]&gt;.status_code</failure></testcase><testcase classname="backend.tests.test_digital_twin_api.TestSensorEndpoints" name="test_sensor_history" time="64.286"><failure message="requests.exceptions.JSONDecodeError: Expecting value: line 1 column 1 (char 0)">/root/.venv/lib/python3.11/site-packages/requests/models.py:978: in json
    return complexjson.loads(self.text, **kwargs)
           ^^^^^^^^^^^^^^^^^^^^^^^^^^^^^^^^^^^^^^
/usr/local/lib/python3.11/json/__init__.py:346: in loads
    return _default_decoder.decode(s)
           ^^^^^^^^^^^^^^^^^^^^^^^^^^
/usr/local/lib/python3.11/json/decoder.py:337: in decode
    obj, end = self.raw_decode(s, idx=_w(s, 0).end())
               ^^^^^^^^^^^^^^^^^^^^^^^^^^^^^^^^^^^^^^
/usr/local/lib/python3.11/json/decoder.py:355: in raw_decode
    raise JSONDecodeError("Expecting value", s, err.value) from None
E   json.decoder.JSONDecodeError: Expecting value: line 1 column 1 (char 0)

During handling of the above exception, another exception occurred:
backend/tests/test_digital_twin_api.py:81: in test_sensor_history
    sensors = sensors_response.json()
              ^^^^^^^^^^^^^^^^^^^^^^^
/root/.venv/lib/python3.11/site-packages/requests/models.py:982: in json
    raise RequestsJSONDecodeError(e.msg, e.doc, e.pos)
E   requests.exceptions.JSONDecodeError: Expecting value: line 1 column 1 (char 0)</failure></testcase><testcase classname="backend.tests.test_digital_twin_api.TestSensorEndpoints" name="test_sensor_analytics_default" time="40.307" /><testcase classname="backend.tests.test_digital_twin_api.TestSensorEndpoints" name="test_sensor_analytics_time_ranges" time="147.012" /><testcase classname="backend.tests.test_digital_twin_api.TestSensorEndpoints" name="test_sensor_analytics_custom_date_range" time="29.493" /><testcase classname="backend.tests.test_digital_twin_api.TestSensorEndpoints" name="test_sensor_analytics_invalid_id" time="2.125" /><testcase classname="backend.tests.test_digital_twin_api.TestAlertEndpoints" name="test_get_alerts_unacknowledged" time="10.587" /><testcase classname="backend.tests.test_digital_twin_api.TestAlertEndpoints" name="test_get_all_alerts" time="10.380" /><testcase classname="backend.tests.test_digital_twin_api.TestAnomalyEndpoints" name="test_get_anomalies" time="9.500" /><testcase classname="backend.tests.test_digital_twin_api.TestLeakEndpoints" name="test_get_leak_zones" time="48.722" /><testcase classname="backend.tests.test_digital_twin_api.TestLeakEndpoints" name="test_get_active_leaks" time="10.800" /><testcase classname="backend.tests.test_digital_twin_api.TestComplianceEndpoints" name="test_get_compliance_report_default" time="64.069"><failure message="assert 502 == 200&#10; +  where 502 = &lt;Response [502]&gt;.status_code">backend/tests/test_digital_twin_api.py:264: in test_get_compliance_report_default
    assert response.status_code == 200
E   assert 502 == 200
E    +  where 502 = &lt;Response [502]&gt;.status_code</failure></testcase><testcase classname="backend.tests.test_digital_twin_api.TestComplianceEndpoints" name="test_compliance_report_time_ranges" time="69.457"><failure message="assert 502 == 200&#10; +  where 502 = &lt;Response [502]&gt;.status_code">backend/tests/test_digital_twin_api.py:288: in test_compliance_report_time_ranges
    assert response.status_code == 200
E   assert 502 == 200
E    +  where 502 = &lt;Response [502]&gt;.status_code</failure></testcase><testcase classname="backend.tests.test_digital_twin_api.TestWaterBalanceEndpoints" name="test_get_water_balance" time="64.524"><failure message="assert 502 == 200&#10; +  where 502 = &lt;Response [502]&gt;.status_code">backend/tests/test_digital_twin_api.py:300: in test_get_water_balance
    assert response.status_code == 200
E   assert 502 == 200
E    +  where 502 = &lt;Response [502]&gt;.status_code</failure></testcase><testcase classname="backend.tests.test_digital_twin_api.TestWaterBalanceEndpoints" name="test_water_balance_intake_structure" time="62.888"><failure message="assert 502 == 200&#10; +  where 502 = &lt;Response [502]&gt;.status_code">backend/tests/test_digital_twin_api.py:320: in test_water_balance_intake_structure
    assert response.status_code == 200
E   assert 502 == 200
E    +  where 502 = &lt;Response [502]&gt;.status_code</failure></testcase><testcase classname="backend.tests.test_digital_twin_api.TestWaterBalanceEndpoints" name="test_water_balance_treatment_structure" time="62.931"><failure message="assert 502 == 200&#10; +  where 502 = &lt;Response [502]&gt;.status_code">backend/tests/test_digital_twin_api.py:341: in test_water_balance_treatment_structure
    assert response.status_code == 200
E   assert 502 == 200
E    +  where 502 = &lt;Response [502]&gt;.status_code</failure></testcase><testcase classname="backend.tests.test_digital_twin_api.TestWaterBalanceEndpoints" name="test_water_balance_distribution_structure" time="64.189"><failure message="assert 502 == 200&#10; +  where 502 = &lt;Response [502]&gt;.status_code">backend/tests/test_digital_twin_api.py:358: in test_water_balance_distribution_structure
    assert response.status_code == 200
E   assert 502 == 200
E    +  where 502 = &lt;Response [502]&gt;.status_code</failure></testcase><testcase classname="backend.tests.test_digital_twin_api.TestWaterBalanceEndpoints" name="test_water_balance_recovery_structure" time="63.298"><failure message="assert 502 == 200&#10; +  where 502 = &lt;Response [502]&gt;.status_code">backend/tests/test_digital_twin_api.py:385: in test_water_balance_recovery_structure
    assert response.status_code == 200
E   assert 502 == 200
E    +  where 502 = &lt;Response [502]&gt;.status_code</failure></testcase><testcase classname="backend.tests.test_digital_twin_api.TestWaterBalanceEndpoints" name="test_water_balance_wastewater_structure" time="62.089"><failure message="assert 502 == 200&#10; +  where 502 = &lt;Response [502]&gt;.status_code">backend/tests/test_digital_twin_api.py:417: in test_water_balance_wastewater_structure
    assert response.status_code == 200
E   assert 502 == 200
E    +  where 502 = &lt;Response [502]&gt;.status_code</failure></testcase><testcase classname="backend.tests.test_digital_twin_api.TestWaterBalanceEndpoints" name="test_water_balance_losses_structure" time="63.887"><failure message="assert 502 == 200&#10; +  where 502 = &lt;Response [502]&gt;.status_code">backend/tests/test_digital_twin_api.py:430: in test_water_balance_losses_structure
    assert response.status_code == 200
E   assert 502 == 200
E    +  where 502 = &lt;Response [502]&gt;.status_code</failure></testcase><testcase classname="backend.tests.test_digital_twin_api.TestWaterBalanceEndpoints" name="test_water_balance_efficiency_structure" time="45.045" /><testcase classname="backend.tests.test_digital_twin_api.TestWaterBalanceEndpoints" name="test_water_balance_flow_paths" time="16.903" /><testcase classname="backend.tests.test_digital_twin_api.TestNRWAnalyticsEndpoints" name="test_get_nrw_analytics" time="1.207" /><testcase classname="backend.tests.test_digital_twin_api.TestNRWAnalyticsEndpoints" name="test_nrw_hourly_balance" time="2.614" /><testcase classname="backend.tests.test_digital_twin_api.TestNRWAnalyticsEndpoints" name="test_nrw_dma_analysis" time="1.623" /><testcase classname="backend.tests.test_digital_twin_api.TestNRWAnalyticsEndpoints" name="test_nrw_mnf_profile" time="2.175" /><testcase classname="backend.tests.test_digital_twin_api.TestNRWAnalyticsEndpoints" name="test_nrw_loss_separation" time="1.588" /><testcase classname="backend.tests.test_digital_twin_api.TestNRWAnalyticsEndpoints" name="test_nrw_pipe_risk" time="1.040" /><testcase classname="backend.tests.test_digital_twin_api.TestDemandAnalyticsEndpoints" name="test_get_demand_analytics" time="0.503" /><testcase classname="backend.tests.test_digital_twin_api.TestDemandAnalyticsEndpoints" name="test_demand_forecast" time="0.514" /><testcase classname="backend.tests.test_digital_twin_api.TestDemandAnalyticsEndpoints" name="test_demand_heatmap" time="0.353" /><testcase classname="backend.tests.test_digital_twin_api.TestDemandAnalyticsEndpoints" name="test_demand_segments" time="0.564" /><testcase classname="backend.tests.test_digital_twin_api.TestDemandAnalyticsEndpoints" name="test_demand_seasonal_trend" time="0.326" /><testcase classname="backend.tests.test_digital_twin_api.TestDemandAnalyticsEndpoints" name="test_demand_summary" time="0.303" /><testcase classname="backend.tests.test_digital_twin_api.TestAssetHealthEndpoints" name="test_get_asset_health" time="0.332" /><testcase classname="backend.tests.test_digital_twin_api.TestAssetHealthEndpoints" name="test_asset_condition_table" time="0.416" /><testcase classname="backend.tests.test_digital_twin_api.TestAssetHealthEndpoints" name="test_asset_break_history" time="0.416" /><testcase classname="backend.tests.test_digital_twin_api.TestAssetHealthEndpoints" name="test_asset_maintenance_schedule" time="0.307" /><testcase classname="backend.tests.test_digital_twin_api.TestAssetHealthEndpoints" name="test_asset_summary_cards" time="0.349" /><testcase classname="backend.tests.test_digital_twin_api.TestWaterQualityEndpoints" name="test_get_water_quality" time="0.275" /><testcase classname="backend.tests.test_digital_twin_api.TestWaterQualityEndpoints" name="test_quality_parameters" time="0.308" /><testcase classname="backend.tests.test_digital_twin_api.TestWaterQualityEndpoints" name="test_chlorine_decay_curve" time="0.331" /><testcase classname="backend.tests.test_digital_twin_api.TestWaterQualityEndpoints" name="test_spatial_quality_grid" time="0.359" /><testcase classname="backend.tests.test_digital_twin_api.TestWaterQualityEndpoints" name="test_contamination_events" time="0.373" /><testcase classname="backend.tests.test_digital_twin_api.TestWaterQualityEndpoints" name="test_quality_predictions" time="0.323" /><testcase classname="backend.tests.test_digital_twin_api.TestWaterQualityEndpoints" name="test_quality_summary_banner" time="0.373" /><testcase classname="backend.tests.test_digital_twin_api.TestAIEndpoints" name="test_ai_query" time="35.316" /><testcase classname="backend.tests.test_digital_twin_api.TestAIEndpoints" name="test_ai_chat_history" time="0.306" /></testsuite></testsuites>