<?xml version="1.0" encoding="utf-8"?><testsuites name="pytest tests"><testsuite name="pytest" errors="0" failures="0" skipped="0" tests="17" time="27.949" timestamp="2026-04-13T09:32:44.359534+00:00" hostname="agent-env-e92190f8-a32b-4dfd-aa20-48547d2dbeb9"><testcase classname="backend.tests.test_digital_twin_api.TestHealthAndStats" name="test_api_root" time="0.629" /><testcase classname="backend.tests.test_digital_twin_api.TestHealthAndStats" name="test_system_stats" time="3.196" /><testcase classname="backend.tests.test_digital_twin_api.TestSensorEndpoints" name="test_get_latest_sensors" time="3.043" /><testcase classname="backend.tests.test_digital_twin_api.TestSensorEndpoints" name="test_sensor_history" time="3.319" /><testcase classname="backend.tests.test_digital_twin_api.TestSensorEndpoints" name="test_sensor_analytics_default" time="0.383" /><testcase classname="backend.tests.test_digital_twin_api.TestSensorEndpoints" name="test_sensor_analytics_time_ranges" time="1.505" /><testcase classname="backend.tests.test_digital_twin_api.TestSensorEndpoints" name="test_sensor_analytics_custom_date_range" time="0.362" /><testcase classname="backend.tests.test_digital_twin_api.TestSensorEndpoints" name="test_sensor_analytics_invalid_id" time="0.176" /><testcase classname="backend.tests.test_digital_twin_api.TestAlertEndpoints" name="test_get_alerts_unacknowledged" time="0.220" /><testcase classname="backend.tests.test_digital_twin_api.TestAlertEndpoints" name="test_get_all_alerts" time="0.202" /><testcase classname="backend.tests.test_digital_twin_api.TestAnomalyEndpoints" name="test_get_anomalies" time="0.190" /><testcase classname="backend.tests.test_digital_twin_api.TestLeakEndpoints" name="test_get_leak_zones" time="0.213" /><testcase classname="backend.tests.test_digital_twin_api.TestLeakEndpoints" name="test_get_active_leaks" time="0.192" /><testcase classname="backend.tests.test_digital_twin_api.TestComplianceEndpoints" name="test_get_compliance_report_default" time="0.584" /><testcase classname="backend.tests.test_digital_twin_api.TestComplianceEndpoints" name="test_compliance_report_time_ranges" time="2.796" /><testcase classname="backend.tests.test_digital_twin_api.TestAIEndpoints" name="test_ai_query" time="9.970" /><testcase classname="backend.tests.test_digital_twin_api.TestAIEndpoints" name="test_ai_chat_history" time="0.218" /></testsuite></testsuites>