<?xml version="1.0" encoding="utf-8"?><testsuites name="pytest tests"><testsuite name="pytest" errors="0" failures="0" skipped="0" tests="14" time="44.365" timestamp="2026-04-16T20:31:32.249683+00:00" hostname="agent-env-e92190f8-a32b-4dfd-aa20-48547d2dbeb9"><testcase classname="backend.tests.test_water_balance_api.TestWaterBalanceAPI" name="test_water_balance_endpoint_returns_200" time="4.046" /><testcase classname="backend.tests.test_water_balance_api.TestWaterBalanceAPI" name="test_water_balance_has_required_keys" time="1.949" /><testcase classname="backend.tests.test_water_balance_api.TestWaterBalanceAPI" name="test_balance_summary_structure" time="1.923" /><testcase classname="backend.tests.test_water_balance_api.TestWaterBalanceAPI" name="test_facilities_count_and_structure" time="2.889" /><testcase classname="backend.tests.test_water_balance_api.TestWaterBalanceAPI" name="test_hourly_balance_count_and_structure" time="4.232" /><testcase classname="backend.tests.test_water_balance_api.TestWaterBalanceAPI" name="test_quality_balance_count_and_structure" time="2.509" /><testcase classname="backend.tests.test_water_balance_api.TestWaterBalanceAPI" name="test_losses_structure" time="2.363" /><testcase classname="backend.tests.test_water_balance_api.TestWaterBalanceAPI" name="test_efficiency_metrics" time="2.195" /><testcase classname="backend.tests.test_water_balance_api.TestWaterBalanceAPI" name="test_intake_structure" time="2.155" /><testcase classname="backend.tests.test_water_balance_api.TestWaterBalanceAPI" name="test_distribution_structure" time="1.858" /><testcase classname="backend.tests.test_water_balance_api.TestOtherEndpoints" name="test_root_endpoint" time="0.199" /><testcase classname="backend.tests.test_water_balance_api.TestOtherEndpoints" name="test_stats_endpoint" time="8.376" /><testcase classname="backend.tests.test_water_balance_api.TestOtherEndpoints" name="test_sensors_latest_endpoint" time="8.457" /><testcase classname="backend.tests.test_water_balance_api.TestOtherEndpoints" name="test_leaks_zones_endpoint" time="0.240" /></testsuite></testsuites>